<?xml version="1.0" encoding="UTF-8"?>
<!-- Generated by org.testng.reporters.JUnitXMLReporter -->
<testsuite hostname="DESKTOP-F52NN2U" failures="0" tests="5" name="validating order confirmed" time="51.152" errors="0" timestamp="3 Jul 2020 12:09:59 GMT">
  <testcase classname="EcommerceAssignment.EcommerceAssignment.ProductOrderTest" name="basepagenavigation" time="12.298"/>
  <testcase classname="EcommerceAssignment.EcommerceAssignment.ProductOrderTest" name="logintest" time="4.165"/>
  <testcase classname="EcommerceAssignment.EcommerceAssignment.ProductOrderTest" name="tshirtsubmenuclickTest" time="3.205"/>
  <testcase classname="EcommerceAssignment.EcommerceAssignment.ProductOrderTest" name="addDesiredItems" time="3.959"/>
  <testcase classname="EcommerceAssignment.EcommerceAssignment.ProductOrderTest" name="orderproduct" time="22.655"/>
</testsuite> <!-- validating order confirmed -->
